<?xml version="1.0" encoding="UTF-8"?>
<testng-results ignored="0" total="1" passed="1" failed="0" skipped="0">
  <reporter-output>
    <line>
      <![CDATA[Setting up reports and Test Started]]>
    </line>
    <line>
      <![CDATA[Configuration Done and Test can be Started]]>
    </line>
    <line>
      <![CDATA[Trying to start broser and getting application ready]]>
    </line>
    <line>
      <![CDATA[Test is about to end ]]>
    </line>
    <line>
      <![CDATA[Tests Completed >>> Reports Generated]]>
    </line>
  </reporter-output>
  <suite started-at="2021-01-21T10:06:56Z" name="Suite" finished-at="2021-01-21T10:07:15Z" duration-ms="18290">
    <groups>
    </groups>
    <test started-at="2021-01-21T10:06:56Z" name="Test" finished-at="2021-01-21T10:07:15Z" duration-ms="18290">
      <class name="com.learnautomation.testcases.LoginTest">
        <test-method is-config="true" signature="setUpSuite()[pri:0, instance:com.learnautomation.testcases.LoginTest@7995092a]" started-at="2021-01-21T10:06:56Z" name="setUpSuite" finished-at="2021-01-21T10:06:56Z" duration-ms="493" status="PASS">
          <reporter-output>
            <line>
              <![CDATA[Setting up reports and Test Started]]>
            </line>
            <line>
              <![CDATA[Configuration Done and Test can be Started]]>
            </line>
          </reporter-output>
        </test-method> <!-- setUpSuite -->
        <test-method is-config="true" signature="setup()[pri:0, instance:com.learnautomation.testcases.LoginTest@7995092a]" started-at="2021-01-21T10:06:56Z" name="setup" finished-at="2021-01-21T10:07:06Z" duration-ms="9170" status="PASS">
          <reporter-output>
            <line>
              <![CDATA[Trying to start broser and getting application ready]]>
            </line>
          </reporter-output>
        </test-method> <!-- setup -->
        <test-method signature="loginApp()[pri:0, instance:com.learnautomation.testcases.LoginTest@7995092a]" started-at="2021-01-21T10:07:06Z" name="loginApp" finished-at="2021-01-21T10:07:13Z" duration-ms="7395" status="PASS">
          <reporter-output>
          </reporter-output>
        </test-method> <!-- loginApp -->
        <test-method is-config="true" signature="tearDownMethod(org.testng.ITestResult)[pri:0, instance:com.learnautomation.testcases.LoginTest@7995092a]" started-at="2021-01-21T10:07:13Z" name="tearDownMethod" finished-at="2021-01-21T10:07:14Z" duration-ms="1043" status="PASS">
          <params>
            <param index="0">
              <value>
                <![CDATA[[TestResult name=loginApp status=SUCCESS method=LoginTest.loginApp()[pri:0, instance:com.learnautomation.testcases.LoginTest@7995092a] output={null}]]]>
              </value>
            </param>
          </params>
          <reporter-output>
            <line>
              <![CDATA[Test is about to end ]]>
            </line>
            <line>
              <![CDATA[Tests Completed >>> Reports Generated]]>
            </line>
          </reporter-output>
        </test-method> <!-- tearDownMethod -->
        <test-method is-config="true" signature="tearDown()[pri:0, instance:com.learnautomation.testcases.LoginTest@7995092a]" started-at="2021-01-21T10:07:14Z" name="tearDown" finished-at="2021-01-21T10:07:15Z" duration-ms="656" status="PASS">
          <reporter-output>
          </reporter-output>
        </test-method> <!-- tearDown -->
      </class> <!-- com.learnautomation.testcases.LoginTest -->
    </test> <!-- Test -->
  </suite> <!-- Suite -->
</testng-results>
